<?xml version="1.0" encoding="UTF-8"?>
<testng-results skipped="0" failed="1" ignored="0" total="3" passed="2">
  <reporter-output>
  </reporter-output>
  <suite name="Default suite" duration-ms="12837" started-at="2020-12-01T20:59:39 GST" finished-at="2020-12-01T20:59:52 GST">
    <groups>
    </groups>
    <test name="Default test" duration-ms="12837" started-at="2020-12-01T20:59:39 GST" finished-at="2020-12-01T20:59:52 GST">
      <class name="newpackage.Myclass">
        <test-method status="PASS" signature="testSetup()[pri:0, instance:newpackage.Myclass@2758fe70]" name="testSetup" is-config="true" duration-ms="3585" started-at="2020-12-01T20:59:39 GST" finished-at="2020-12-01T20:59:43 GST">
          <reporter-output>
          </reporter-output>
        </test-method> <!-- testSetup -->
        <test-method status="PASS" signature="openBrowser()[pri:0, instance:newpackage.Myclass@2758fe70]" name="openBrowser" is-config="true" duration-ms="4972" started-at="2020-12-01T20:59:43 GST" finished-at="2020-12-01T20:59:48 GST">
          <reporter-output>
          </reporter-output>
        </test-method> <!-- openBrowser -->
        <test-method status="PASS" signature="PageLoad()[pri:1, instance:newpackage.Myclass@2758fe70]" name="PageLoad" duration-ms="23" started-at="2020-12-01T20:59:48 GST" description="This method validates the Customer Experience Group home page is loaded or not" finished-at="2020-12-01T20:59:48 GST">
          <reporter-output>
          </reporter-output>
        </test-method> <!-- PageLoad -->
        <test-method status="PASS" signature="postSignUp()[pri:0, instance:newpackage.Myclass@2758fe70]" name="postSignUp" is-config="true" duration-ms="6" started-at="2020-12-01T20:59:48 GST" finished-at="2020-12-01T20:59:48 GST">
          <reporter-output>
          </reporter-output>
        </test-method> <!-- postSignUp -->
        <test-method status="PASS" signature="openBrowser()[pri:0, instance:newpackage.Myclass@2758fe70]" name="openBrowser" is-config="true" duration-ms="1645" started-at="2020-12-01T20:59:48 GST" finished-at="2020-12-01T20:59:49 GST">
          <reporter-output>
          </reporter-output>
        </test-method> <!-- openBrowser -->
        <test-method status="PASS" signature="VerifyMenuLinks()[pri:2, instance:newpackage.Myclass@2758fe70]" name="VerifyMenuLinks" duration-ms="1000" started-at="2020-12-01T20:59:49 GST" description="This method validates the Customer Experience Group Menu link are working or not" finished-at="2020-12-01T20:59:50 GST">
          <reporter-output>
          </reporter-output>
        </test-method> <!-- VerifyMenuLinks -->
        <test-method status="PASS" signature="postSignUp()[pri:0, instance:newpackage.Myclass@2758fe70]" name="postSignUp" is-config="true" duration-ms="5" started-at="2020-12-01T20:59:50 GST" finished-at="2020-12-01T20:59:50 GST">
          <reporter-output>
          </reporter-output>
        </test-method> <!-- postSignUp -->
        <test-method status="PASS" signature="openBrowser()[pri:0, instance:newpackage.Myclass@2758fe70]" name="openBrowser" is-config="true" duration-ms="1514" started-at="2020-12-01T20:59:50 GST" finished-at="2020-12-01T20:59:52 GST">
          <reporter-output>
          </reporter-output>
        </test-method> <!-- openBrowser -->
        <test-method status="FAIL" signature="VerifyContactUs()[pri:3, instance:newpackage.Myclass@2758fe70]" name="VerifyContactUs" duration-ms="45" started-at="2020-12-01T20:59:52 GST" description="This method validates contact us" finished-at="2020-12-01T20:59:52 GST">
          <exception class="org.openqa.selenium.ElementClickInterceptedException">
            <message>
              <![CDATA[Element <a class="menu__link" href="/contact-us"> is not clickable at point (1312,51) because another element <div class="spinner__container spinner__effect--1"> obscures it
Build info: version: '3.141.59', revision: 'e82be7d358', time: '2018-11-14T08:25:48'
System info: host: 'Saurabhs-MBP', ip: '2001:8f8:1b2f:5ed0:f539:fe58:d5ff:c0e5%en0', os.name: 'Mac OS X', os.arch: 'x86_64', os.version: '10.15.6', java.version: '1.8.0_261'
Driver info: org.openqa.selenium.firefox.FirefoxDriver
Capabilities {acceptInsecureCerts: true, browserName: firefox, browserVersion: 83.0, javascriptEnabled: true, moz:accessibilityChecks: false, moz:buildID: 20201112153044, moz:geckodriverVersion: 0.28.0, moz:headless: false, moz:processID: 97529, moz:profile: /var/folders/k0/_ldf85s54s9..., moz:shutdownTimeout: 60000, moz:useNonSpecCompliantPointerOrigin: false, moz:webdriverClick: true, pageLoadStrategy: normal, platform: MAC, platformName: MAC, platformVersion: 19.6.0, rotatable: false, setWindowRect: true, strictFileInteractability: false, timeouts: {implicit: 0, pageLoad: 300000, script: 30000}, unhandledPromptBehavior: dismiss and notify}
Session ID: 1b8e27d3-00bd-264f-a661-c6d3a8e576b5]]>
            </message>
            <full-stacktrace>
              <![CDATA[org.openqa.selenium.ElementClickInterceptedException: Element <a class="menu__link" href="/contact-us"> is not clickable at point (1312,51) because another element <div class="spinner__container spinner__effect--1"> obscures it
Build info: version: '3.141.59', revision: 'e82be7d358', time: '2018-11-14T08:25:48'
System info: host: 'Saurabhs-MBP', ip: '2001:8f8:1b2f:5ed0:f539:fe58:d5ff:c0e5%en0', os.name: 'Mac OS X', os.arch: 'x86_64', os.version: '10.15.6', java.version: '1.8.0_261'
Driver info: org.openqa.selenium.firefox.FirefoxDriver
Capabilities {acceptInsecureCerts: true, browserName: firefox, browserVersion: 83.0, javascriptEnabled: true, moz:accessibilityChecks: false, moz:buildID: 20201112153044, moz:geckodriverVersion: 0.28.0, moz:headless: false, moz:processID: 97529, moz:profile: /var/folders/k0/_ldf85s54s9..., moz:shutdownTimeout: 60000, moz:useNonSpecCompliantPointerOrigin: false, moz:webdriverClick: true, pageLoadStrategy: normal, platform: MAC, platformName: MAC, platformVersion: 19.6.0, rotatable: false, setWindowRect: true, strictFileInteractability: false, timeouts: {implicit: 0, pageLoad: 300000, script: 30000}, unhandledPromptBehavior: dismiss and notify}
Session ID: 1b8e27d3-00bd-264f-a661-c6d3a8e576b5
at sun.reflect.NativeConstructorAccessorImpl.newInstance0(Native Method)
at sun.reflect.NativeConstructorAccessorImpl.newInstance(NativeConstructorAccessorImpl.java:62)
at sun.reflect.DelegatingConstructorAccessorImpl.newInstance(DelegatingConstructorAccessorImpl.java:45)
at java.lang.reflect.Constructor.newInstance(Constructor.java:423)
at org.openqa.selenium.remote.http.W3CHttpResponseCodec.createException(W3CHttpResponseCodec.java:187)
at org.openqa.selenium.remote.http.W3CHttpResponseCodec.decode(W3CHttpResponseCodec.java:122)
at org.openqa.selenium.remote.http.W3CHttpResponseCodec.decode(W3CHttpResponseCodec.java:49)
at org.openqa.selenium.remote.HttpCommandExecutor.execute(HttpCommandExecutor.java:158)
at org.openqa.selenium.remote.service.DriverCommandExecutor.execute(DriverCommandExecutor.java:83)
at org.openqa.selenium.remote.RemoteWebDriver.execute(RemoteWebDriver.java:552)
at org.openqa.selenium.remote.RemoteWebElement.execute(RemoteWebElement.java:285)
at org.openqa.selenium.remote.RemoteWebElement.click(RemoteWebElement.java:84)
at newpackage.Myclass.VerifyContactUs(Myclass.java:134)
at sun.reflect.NativeMethodAccessorImpl.invoke0(Native Method)
at sun.reflect.NativeMethodAccessorImpl.invoke(NativeMethodAccessorImpl.java:62)
at sun.reflect.DelegatingMethodAccessorImpl.invoke(DelegatingMethodAccessorImpl.java:43)
at java.lang.reflect.Method.invoke(Method.java:498)
at org.testng.internal.MethodInvocationHelper.invokeMethod(MethodInvocationHelper.java:132)
at org.testng.internal.TestInvoker.invokeMethod(TestInvoker.java:599)
at org.testng.internal.TestInvoker.invokeTestMethod(TestInvoker.java:174)
at org.testng.internal.MethodRunner.runInSequence(MethodRunner.java:46)
at org.testng.internal.TestInvoker$MethodInvocationAgent.invoke(TestInvoker.java:822)
at org.testng.internal.TestInvoker.invokeTestMethods(TestInvoker.java:147)
at org.testng.internal.TestMethodWorker.invokeTestMethods(TestMethodWorker.java:146)
at org.testng.internal.TestMethodWorker.run(TestMethodWorker.java:128)
at java.util.ArrayList.forEach(ArrayList.java:1259)
at org.testng.TestRunner.privateRun(TestRunner.java:764)
at org.testng.TestRunner.run(TestRunner.java:585)
at org.testng.SuiteRunner.runTest(SuiteRunner.java:384)
at org.testng.SuiteRunner.runSequentially(SuiteRunner.java:378)
at org.testng.SuiteRunner.privateRun(SuiteRunner.java:337)
at org.testng.SuiteRunner.run(SuiteRunner.java:286)
at org.testng.SuiteRunnerWorker.runSuite(SuiteRunnerWorker.java:53)
at org.testng.SuiteRunnerWorker.run(SuiteRunnerWorker.java:96)
at org.testng.TestNG.runSuitesSequentially(TestNG.java:1218)
at org.testng.TestNG.runSuitesLocally(TestNG.java:1140)
at org.testng.TestNG.runSuites(TestNG.java:1069)
at org.testng.TestNG.run(TestNG.java:1037)
at org.testng.remote.AbstractRemoteTestNG.run(AbstractRemoteTestNG.java:115)
at org.testng.remote.RemoteTestNG.initAndRun(RemoteTestNG.java:251)
at org.testng.remote.RemoteTestNG.main(RemoteTestNG.java:77)
]]>
            </full-stacktrace>
          </exception> <!-- org.openqa.selenium.ElementClickInterceptedException -->
          <reporter-output>
          </reporter-output>
        </test-method> <!-- VerifyContactUs -->
        <test-method status="PASS" signature="postSignUp()[pri:0, instance:newpackage.Myclass@2758fe70]" name="postSignUp" is-config="true" duration-ms="7" started-at="2020-12-01T20:59:52 GST" finished-at="2020-12-01T20:59:52 GST">
          <reporter-output>
          </reporter-output>
        </test-method> <!-- postSignUp -->
        <test-method status="PASS" signature="afterClass()[pri:0, instance:newpackage.Myclass@2758fe70]" name="afterClass" is-config="true" duration-ms="0" started-at="2020-12-01T20:59:52 GST" finished-at="2020-12-01T20:59:52 GST">
          <reporter-output>
          </reporter-output>
        </test-method> <!-- afterClass -->
      </class> <!-- newpackage.Myclass -->
    </test> <!-- Default test -->
  </suite> <!-- Default suite -->
</testng-results>
